Determining if the pthread_create exist failed with the following output:
Change Dir: /home/ferran/MEGA/PROJECTS/RegistrationPipeline/BUILD/CMakeFiles/CMakeTmp

Run Build Command:"/usr/bin/make" "cmTC_4cdad/fast"
/usr/bin/make -f CMakeFiles/cmTC_4cdad.dir/build.make CMakeFiles/cmTC_4cdad.dir/build
make[1]: Entering directory '/home/ferran/MEGA/PROJECTS/RegistrationPipeline/BUILD/CMakeFiles/CMakeTmp'
Building C object CMakeFiles/cmTC_4cdad.dir/CheckSymbolExists.c.o
/usr/bin/cc     -o CMakeFiles/cmTC_4cdad.dir/CheckSymbolExists.c.o   -c /home/ferran/MEGA/PROJECTS/RegistrationPipeline/BUILD/CMakeFiles/CMakeTmp/CheckSymbolExists.c
Linking C executable cmTC_4cdad
/usr/bin/cmake -E cmake_link_script CMakeFiles/cmTC_4cdad.dir/link.txt --verbose=1
/usr/bin/cc        CMakeFiles/cmTC_4cdad.dir/CheckSymbolExists.c.o  -o cmTC_4cdad -rdynamic 
CMakeFiles/cmTC_4cdad.dir/CheckSymbolExists.c.o: In function `main':
CheckSymbolExists.c:(.text+0x16): undefined reference to `pthread_create'
collect2: error: ld returned 1 exit status
CMakeFiles/cmTC_4cdad.dir/build.make:97: recipe for target 'cmTC_4cdad' failed
make[1]: *** [cmTC_4cdad] Error 1
make[1]: Leaving directory '/home/ferran/MEGA/PROJECTS/RegistrationPipeline/BUILD/CMakeFiles/CMakeTmp'
Makefile:126: recipe for target 'cmTC_4cdad/fast' failed
make: *** [cmTC_4cdad/fast] Error 2

File /home/ferran/MEGA/PROJECTS/RegistrationPipeline/BUILD/CMakeFiles/CMakeTmp/CheckSymbolExists.c:
/* */
#include <pthread.h>

int main(int argc, char** argv)
{
  (void)argv;
#ifndef pthread_create
  return ((int*)(&pthread_create))[argc];
#else
  (void)argc;
  return 0;
#endif
}

Determining if the function pthread_create exists in the pthreads failed with the following output:
Change Dir: /home/ferran/MEGA/PROJECTS/RegistrationPipeline/BUILD/CMakeFiles/CMakeTmp

Run Build Command:"/usr/bin/make" "cmTC_e911d/fast"
/usr/bin/make -f CMakeFiles/cmTC_e911d.dir/build.make CMakeFiles/cmTC_e911d.dir/build
make[1]: Entering directory '/home/ferran/MEGA/PROJECTS/RegistrationPipeline/BUILD/CMakeFiles/CMakeTmp'
Building C object CMakeFiles/cmTC_e911d.dir/CheckFunctionExists.c.o
/usr/bin/cc    -DCHECK_FUNCTION_EXISTS=pthread_create   -o CMakeFiles/cmTC_e911d.dir/CheckFunctionExists.c.o   -c /usr/share/cmake-3.5/Modules/CheckFunctionExists.c
Linking C executable cmTC_e911d
/usr/bin/cmake -E cmake_link_script CMakeFiles/cmTC_e911d.dir/link.txt --verbose=1
/usr/bin/cc    -DCHECK_FUNCTION_EXISTS=pthread_create    CMakeFiles/cmTC_e911d.dir/CheckFunctionExists.c.o  -o cmTC_e911d -rdynamic -lpthreads 
/usr/bin/ld: cannot find -lpthreads
collect2: error: ld returned 1 exit status
CMakeFiles/cmTC_e911d.dir/build.make:97: recipe for target 'cmTC_e911d' failed
make[1]: *** [cmTC_e911d] Error 1
make[1]: Leaving directory '/home/ferran/MEGA/PROJECTS/RegistrationPipeline/BUILD/CMakeFiles/CMakeTmp'
Makefile:126: recipe for target 'cmTC_e911d/fast' failed
make: *** [cmTC_e911d/fast] Error 2


